2019-03-03 15:19:01,826 - BrowserEngin - INFO - 你选择了Chrome游览器
2019-03-03 15:19:01,827 - BrowserEngin - INFO - 测试URL是:http://127.0.0.1/forum.php
2019-03-03 15:19:04,581 - BrowserEngin - INFO - 启动谷歌游览器
2019-03-03 15:19:07,472 - BrowserEngin - INFO - 打开：http://127.0.0.1/forum.php
2019-03-03 15:19:08,645 - BrowserEngin - INFO - 窗口最大化
2019-03-03 15:19:08,655 - BrowserEngin - INFO - 等待10秒
2019-03-03 15:19:09,136 - Basic - INFO - 输入内容l3181591248
2019-03-03 15:19:09,226 - Basic - INFO - 输入内容030201
2019-03-03 15:19:09,292 - Basic - INFO - Clear text input box before typing
2019-03-03 15:19:10,720 - Basic - INFO - Clear text input box before typing
2019-03-03 15:19:11,906 - Basic - INFO - 输入内容haotest
2019-03-03 15:19:12,009 - Basic - INFO - 输入内容嘤嘤嘤666666
2019-03-03 15:19:13,113 - Basic - INFO - Clear text input box before typing
2019-03-03 15:19:13,230 - Basic - INFO - 输入内容楼主6666666666
2019-03-03 15:19:28,672 - Basic - INFO - Clear text input box before typing
2019-03-03 15:19:31,883 - BrowserEngin - INFO - 你选择了Chrome游览器
2019-03-03 15:19:31,883 - BrowserEngin - INFO - 测试URL是:http://127.0.0.1/forum.php
2019-03-03 15:19:34,122 - BrowserEngin - INFO - 启动谷歌游览器
2019-03-03 15:19:35,060 - BrowserEngin - INFO - 打开：http://127.0.0.1/forum.php
2019-03-03 15:19:36,176 - BrowserEngin - INFO - 窗口最大化
2019-03-03 15:19:36,179 - BrowserEngin - INFO - 等待10秒
2019-03-03 15:19:36,435 - Basic - INFO - 输入内容admin
2019-03-03 15:19:36,537 - Basic - INFO - 输入内容030201
2019-03-03 15:19:36,613 - Basic - INFO - Clear text input box before typing
2019-03-03 15:19:38,573 - Basic - INFO - Clear text input box before typing
2019-03-03 15:19:39,680 - Basic - INFO - Clear text input box before typing
2019-03-03 15:19:41,008 - Basic - INFO - Clear text input box before typing
2019-03-03 15:19:42,552 - Basic - INFO - Clear text input box before typing
2019-03-03 15:19:43,693 - Basic - INFO - Clear text input box before typing
2019-03-03 15:19:48,892 - BrowserEngin - INFO - 你选择了Chrome游览器
2019-03-03 15:19:48,893 - BrowserEngin - INFO - 测试URL是:http://127.0.0.1/forum.php
2019-03-03 15:19:51,160 - BrowserEngin - INFO - 启动谷歌游览器
2019-03-03 15:19:52,276 - BrowserEngin - INFO - 打开：http://127.0.0.1/forum.php
2019-03-03 15:19:53,396 - BrowserEngin - INFO - 窗口最大化
2019-03-03 15:19:53,397 - BrowserEngin - INFO - 等待10秒
2019-03-03 15:19:53,693 - Basic - INFO - 输入内容l3181591248
2019-03-03 15:19:53,785 - Basic - INFO - 输入内容030201
2019-03-03 15:19:53,854 - Basic - INFO - Clear text input box before typing
2019-03-03 15:19:55,003 - Basic - INFO - 输入内容haotest
2019-03-03 15:19:55,101 - Basic - INFO - Clear text input box before typing
2019-03-03 15:19:57,230 - Basic - INFO - Clear text input box before typing
2019-03-03 15:20:00,344 - Basic - INFO - Clear text input box before typing
2019-03-03 15:20:00,625 - Basic - INFO - Clear text input box before typing
2019-03-03 15:20:02,787 - BrowserEngin - INFO - 你选择了Chrome游览器
2019-03-03 15:20:02,787 - BrowserEngin - INFO - 测试URL是:http://127.0.0.1/forum.php
2019-03-03 15:20:05,175 - BrowserEngin - INFO - 启动谷歌游览器
2019-03-03 15:20:06,492 - BrowserEngin - INFO - 打开：http://127.0.0.1/forum.php
2019-03-03 15:20:07,614 - BrowserEngin - INFO - 窗口最大化
2019-03-03 15:20:07,615 - BrowserEngin - INFO - 等待10秒
2019-03-03 15:20:07,880 - Basic - INFO - 输入内容l3181591248
2019-03-03 15:20:07,970 - Basic - INFO - 输入内容030201
2019-03-03 15:20:08,038 - Basic - INFO - Clear text input box before typing
2019-03-03 15:20:09,353 - Basic - INFO - Clear text input box before typing
2019-03-03 15:20:11,000 - Basic - INFO - Clear text input box before typing
2019-03-03 15:20:12,445 - Basic - INFO - Clear text input box before typing
2019-03-03 15:20:12,564 - Basic - INFO - 输入内容管理最帅
2019-03-03 15:20:13,683 - Basic - INFO - 输入内容嘤1
2019-03-03 15:20:13,778 - Basic - INFO - 输入内容嘤2
2019-03-03 15:20:13,866 - Basic - INFO - 输入内容嘤3
2019-03-03 15:20:13,971 - Basic - INFO - 输入内容嘤内容
2019-03-03 15:20:14,131 - Basic - INFO - Clear text input box before typing
2019-03-03 15:20:15,324 - Basic - INFO - Clear text input box before typing
2019-03-03 15:20:16,443 - Basic - INFO - Clear text input box before typing
2019-03-03 15:20:16,510 - Basic - INFO - 已获取
2019-03-03 15:20:16,556 - Basic - INFO - 已获取
2019-03-03 15:20:16,603 - Basic - INFO - 已获取
2019-03-03 15:20:16,648 - Basic - INFO - 已获取
2019-03-03 15:20:16,701 - Basic - INFO - 已获取
2019-03-03 15:20:16,752 - Basic - INFO - 已获取
