2019-03-03 15:34:21,725 - BrowserEngin - INFO - 你选择了Chrome游览器
2019-03-03 15:34:21,726 - BrowserEngin - INFO - 测试URL是:http://127.0.0.1/forum.php
2019-03-03 15:34:23,980 - BrowserEngin - INFO - 启动谷歌游览器
2019-03-03 15:34:24,836 - BrowserEngin - INFO - 打开：http://127.0.0.1/forum.php
2019-03-03 15:34:25,955 - BrowserEngin - INFO - 窗口最大化
2019-03-03 15:34:25,957 - BrowserEngin - INFO - 等待10秒
2019-03-03 15:34:26,240 - Basic - INFO - 输入内容l3181591248
2019-03-03 15:34:26,336 - Basic - INFO - 输入内容030201
2019-03-03 15:34:26,408 - Basic - INFO - Clear text input box before typing
2019-03-03 15:34:27,761 - Basic - INFO - Clear text input box before typing
2019-03-03 15:34:28,915 - Basic - INFO - 输入内容haotest
2019-03-03 15:34:29,030 - Basic - INFO - 输入内容嘤嘤嘤666666
2019-03-03 15:34:30,008 - Basic - INFO - Clear text input box before typing
2019-03-03 15:34:30,159 - Basic - INFO - 输入内容楼主6666666666
2019-03-03 15:34:45,462 - Basic - INFO - Clear text input box before typing
2019-03-03 15:34:48,656 - BrowserEngin - INFO - 你选择了Chrome游览器
2019-03-03 15:34:48,656 - BrowserEngin - INFO - 测试URL是:http://127.0.0.1/forum.php
2019-03-03 15:34:50,919 - BrowserEngin - INFO - 启动谷歌游览器
2019-03-03 15:34:52,153 - BrowserEngin - INFO - 打开：http://127.0.0.1/forum.php
2019-03-03 15:34:53,281 - BrowserEngin - INFO - 窗口最大化
2019-03-03 15:34:53,285 - BrowserEngin - INFO - 等待10秒
2019-03-03 15:34:53,576 - Basic - INFO - 输入内容admin
2019-03-03 15:34:53,658 - Basic - INFO - 输入内容030201
2019-03-03 15:34:53,725 - Basic - INFO - Clear text input box before typing
2019-03-03 15:34:55,098 - Basic - INFO - Clear text input box before typing
2019-03-03 15:34:56,218 - Basic - INFO - Clear text input box before typing
2019-03-03 15:34:57,566 - Basic - INFO - Clear text input box before typing
2019-03-03 15:34:59,065 - Basic - INFO - Clear text input box before typing
2019-03-03 15:35:00,201 - Basic - INFO - Clear text input box before typing
2019-03-03 15:35:02,355 - Basic - INFO - 输入内容030201
2019-03-03 15:35:24,380 - Basic - INFO - Clear text input box before typing
2019-03-03 15:35:25,639 - Basic - INFO - Clear text input box before typing
2019-03-03 15:35:25,782 - Basic - INFO - Clear text input box before typing
2019-03-03 15:35:26,041 - Basic - INFO - Clear text input box before typing
2019-03-03 15:35:26,644 - Basic - INFO - Clear text input box before typing
2019-03-03 15:35:29,970 - BrowserEngin - INFO - 你选择了Chrome游览器
2019-03-03 15:35:29,970 - BrowserEngin - INFO - 测试URL是:http://127.0.0.1/forum.php
2019-03-03 15:35:32,656 - BrowserEngin - INFO - 启动谷歌游览器
2019-03-03 15:35:33,851 - BrowserEngin - INFO - 打开：http://127.0.0.1/forum.php
2019-03-03 15:35:34,968 - BrowserEngin - INFO - 窗口最大化
2019-03-03 15:35:34,970 - BrowserEngin - INFO - 等待10秒
2019-03-03 15:35:35,245 - Basic - INFO - 输入内容l3181591248
2019-03-03 15:35:35,345 - Basic - INFO - 输入内容030201
2019-03-03 15:35:35,418 - Basic - INFO - Clear text input box before typing
2019-03-03 15:35:36,556 - Basic - INFO - 输入内容haotest
2019-03-03 15:35:36,665 - Basic - INFO - Clear text input box before typing
2019-03-03 15:35:38,797 - Basic - INFO - Clear text input box before typing
2019-03-03 15:35:41,908 - Basic - INFO - Clear text input box before typing
2019-03-03 15:35:42,167 - Basic - INFO - Clear text input box before typing
2019-03-03 15:35:44,299 - BrowserEngin - INFO - 你选择了Chrome游览器
2019-03-03 15:35:44,299 - BrowserEngin - INFO - 测试URL是:http://127.0.0.1/forum.php
2019-03-03 15:35:46,524 - BrowserEngin - INFO - 启动谷歌游览器
2019-03-03 15:35:47,564 - BrowserEngin - INFO - 打开：http://127.0.0.1/forum.php
2019-03-03 15:35:48,681 - BrowserEngin - INFO - 窗口最大化
2019-03-03 15:35:48,682 - BrowserEngin - INFO - 等待10秒
2019-03-03 15:35:48,972 - Basic - INFO - 输入内容l3181591248
2019-03-03 15:35:49,065 - Basic - INFO - 输入内容030201
2019-03-03 15:35:49,137 - Basic - INFO - Clear text input box before typing
2019-03-03 15:35:50,444 - Basic - INFO - Clear text input box before typing
2019-03-03 15:35:51,825 - Basic - INFO - Clear text input box before typing
2019-03-03 15:35:53,292 - Basic - INFO - Clear text input box before typing
2019-03-03 15:35:53,475 - Basic - INFO - 输入内容管理最帅
2019-03-03 15:35:54,568 - Basic - INFO - 输入内容嘤1
2019-03-03 15:35:54,655 - Basic - INFO - 输入内容嘤2
2019-03-03 15:35:54,744 - Basic - INFO - 输入内容嘤3
2019-03-03 15:35:54,848 - Basic - INFO - 输入内容嘤内容
2019-03-03 15:35:54,992 - Basic - INFO - Clear text input box before typing
2019-03-03 15:35:56,024 - Basic - INFO - Clear text input box before typing
2019-03-03 15:35:56,656 - Basic - INFO - Clear text input box before typing
2019-03-03 15:35:56,715 - Basic - INFO - 已获取
2019-03-03 15:35:56,766 - Basic - INFO - 已获取
2019-03-03 15:35:56,813 - Basic - INFO - 已获取
2019-03-03 15:35:56,861 - Basic - INFO - 已获取
2019-03-03 15:35:56,918 - Basic - INFO - 已获取
2019-03-03 15:35:56,973 - Basic - INFO - 已获取
