2019-03-03 15:38:15,954 - BrowserEngin - INFO - 你选择了Chrome游览器
2019-03-03 15:38:15,955 - BrowserEngin - INFO - 测试URL是:http://127.0.0.1/forum.php
2019-03-03 15:38:18,208 - BrowserEngin - INFO - 启动谷歌游览器
2019-03-03 15:38:19,357 - BrowserEngin - INFO - 打开：http://127.0.0.1/forum.php
2019-03-03 15:38:20,477 - BrowserEngin - INFO - 窗口最大化
2019-03-03 15:38:20,479 - BrowserEngin - INFO - 等待10秒
2019-03-03 15:38:20,788 - Basic - INFO - 输入内容l3181591248
2019-03-03 15:38:20,882 - Basic - INFO - 输入内容030201
2019-03-03 15:38:20,951 - Basic - INFO - Clear text input box before typing
2019-03-03 15:38:22,291 - Basic - INFO - Clear text input box before typing
2019-03-03 15:38:23,470 - Basic - INFO - 输入内容haotest
2019-03-03 15:38:23,582 - Basic - INFO - 输入内容嘤嘤嘤666666
2019-03-03 15:38:24,958 - Basic - INFO - Clear text input box before typing
2019-03-03 15:38:25,102 - Basic - INFO - 输入内容楼主6666666666
2019-03-03 15:38:40,386 - Basic - INFO - Clear text input box before typing
2019-03-03 15:38:43,626 - BrowserEngin - INFO - 你选择了Chrome游览器
2019-03-03 15:38:43,626 - BrowserEngin - INFO - 测试URL是:http://127.0.0.1/forum.php
2019-03-03 15:38:45,831 - BrowserEngin - INFO - 启动谷歌游览器
2019-03-03 15:38:46,645 - BrowserEngin - INFO - 打开：http://127.0.0.1/forum.php
2019-03-03 15:38:47,760 - BrowserEngin - INFO - 窗口最大化
2019-03-03 15:38:47,761 - BrowserEngin - INFO - 等待10秒
2019-03-03 15:38:48,031 - Basic - INFO - 输入内容admin
2019-03-03 15:38:48,128 - Basic - INFO - 输入内容030201
2019-03-03 15:38:48,199 - Basic - INFO - Clear text input box before typing
2019-03-03 15:38:49,613 - Basic - INFO - Clear text input box before typing
2019-03-03 15:38:50,724 - Basic - INFO - Clear text input box before typing
2019-03-03 15:38:52,039 - Basic - INFO - Clear text input box before typing
2019-03-03 15:38:53,493 - Basic - INFO - Clear text input box before typing
2019-03-03 15:38:54,637 - Basic - INFO - Clear text input box before typing
2019-03-03 15:38:56,778 - Basic - INFO - 输入内容030201
2019-03-03 15:39:18,707 - Basic - INFO - Clear text input box before typing
2019-03-03 15:39:19,953 - Basic - INFO - Clear text input box before typing
2019-03-03 15:39:20,105 - Basic - INFO - Clear text input box before typing
2019-03-03 15:39:20,379 - Basic - INFO - Clear text input box before typing
2019-03-03 15:39:20,885 - Basic - INFO - Clear text input box before typing
2019-03-03 15:39:24,052 - BrowserEngin - INFO - 你选择了Chrome游览器
2019-03-03 15:39:24,052 - BrowserEngin - INFO - 测试URL是:http://127.0.0.1/forum.php
2019-03-03 15:39:26,332 - BrowserEngin - INFO - 启动谷歌游览器
2019-03-03 15:39:27,262 - BrowserEngin - INFO - 打开：http://127.0.0.1/forum.php
2019-03-03 15:39:28,382 - BrowserEngin - INFO - 窗口最大化
2019-03-03 15:39:28,383 - BrowserEngin - INFO - 等待10秒
2019-03-03 15:39:28,674 - Basic - INFO - 输入内容l3181591248
2019-03-03 15:39:28,770 - Basic - INFO - 输入内容030201
2019-03-03 15:39:28,840 - Basic - INFO - Clear text input box before typing
2019-03-03 15:39:29,994 - Basic - INFO - 输入内容haotest
2019-03-03 15:39:30,096 - Basic - INFO - Clear text input box before typing
2019-03-03 15:39:32,227 - Basic - INFO - Clear text input box before typing
2019-03-03 15:39:35,347 - Basic - INFO - Clear text input box before typing
2019-03-03 15:39:35,653 - Basic - INFO - Clear text input box before typing
2019-03-03 15:39:37,816 - BrowserEngin - INFO - 你选择了Chrome游览器
2019-03-03 15:39:37,816 - BrowserEngin - INFO - 测试URL是:http://127.0.0.1/forum.php
2019-03-03 15:39:40,237 - BrowserEngin - INFO - 启动谷歌游览器
2019-03-03 15:39:41,258 - BrowserEngin - INFO - 打开：http://127.0.0.1/forum.php
2019-03-03 15:39:42,378 - BrowserEngin - INFO - 窗口最大化
2019-03-03 15:39:42,379 - BrowserEngin - INFO - 等待10秒
2019-03-03 15:39:42,673 - Basic - INFO - 输入内容l3181591248
2019-03-03 15:39:42,767 - Basic - INFO - 输入内容030201
2019-03-03 15:39:42,836 - Basic - INFO - Clear text input box before typing
2019-03-03 15:39:44,149 - Basic - INFO - Clear text input box before typing
2019-03-03 15:39:45,532 - Basic - INFO - Clear text input box before typing
2019-03-03 15:39:46,961 - Basic - INFO - Clear text input box before typing
2019-03-03 15:39:47,099 - Basic - INFO - 输入内容管理最帅
2019-03-03 15:39:48,208 - Basic - INFO - 输入内容嘤1
2019-03-03 15:39:48,300 - Basic - INFO - 输入内容嘤2
2019-03-03 15:39:48,388 - Basic - INFO - 输入内容嘤3
2019-03-03 15:39:48,494 - Basic - INFO - 输入内容嘤内容
2019-03-03 15:39:48,637 - Basic - INFO - Clear text input box before typing
2019-03-03 15:39:49,663 - Basic - INFO - Clear text input box before typing
2019-03-03 15:39:50,491 - Basic - INFO - Clear text input box before typing
2019-03-03 15:39:50,556 - Basic - INFO - 已获取
2019-03-03 15:39:50,609 - Basic - INFO - 已获取
2019-03-03 15:39:50,657 - Basic - INFO - 已获取
2019-03-03 15:39:50,704 - Basic - INFO - 已获取
2019-03-03 15:39:50,755 - Basic - INFO - 已获取
2019-03-03 15:39:50,803 - Basic - INFO - 已获取
