2019-02-28 20:53:54,185 - BrowserEngin - INFO - 你选择了Chrome游览器
2019-02-28 20:53:54,185 - BrowserEngin - INFO - 测试URL是:http://127.0.0.1/forum.php
2019-02-28 20:53:56,480 - BrowserEngin - INFO - 启动谷歌游览器
2019-02-28 20:53:57,791 - BrowserEngin - INFO - 打开：http://127.0.0.1/forum.php
2019-02-28 20:53:58,916 - BrowserEngin - INFO - 窗口最大化
2019-02-28 20:53:58,917 - BrowserEngin - INFO - 等待10秒
2019-02-28 20:53:59,212 - Basic - INFO - 输入内容l3181591248
2019-02-28 20:53:59,290 - Basic - INFO - 输入内容030201
2019-02-28 20:53:59,363 - Basic - INFO - Clear text input box before typing
2019-02-28 20:54:00,735 - Basic - INFO - Clear text input box before typing
2019-02-28 20:54:01,852 - Basic - INFO - 输入内容english
2019-02-28 20:54:01,973 - Basic - INFO - 输入内容嘤嘤嘤666666
2019-02-28 20:54:03,081 - Basic - INFO - Clear text input box before typing
2019-02-28 20:54:03,253 - Basic - INFO - 输入内容楼主6666666666
2019-02-28 20:54:18,574 - Basic - INFO - Clear text input box before typing
2019-02-28 20:54:19,895 - Basic - INFO - Clear text input box before typing
2019-02-28 20:54:22,101 - BrowserEngin - INFO - 你选择了Chrome游览器
2019-02-28 20:54:22,101 - BrowserEngin - INFO - 测试URL是:http://127.0.0.1/forum.php
2019-02-28 20:54:24,371 - BrowserEngin - INFO - 启动谷歌游览器
2019-02-28 20:54:25,588 - BrowserEngin - INFO - 打开：http://127.0.0.1/forum.php
2019-02-28 20:54:26,714 - BrowserEngin - INFO - 窗口最大化
2019-02-28 20:54:26,715 - BrowserEngin - INFO - 等待10秒
2019-02-28 20:54:26,999 - Basic - INFO - 输入内容admin
2019-02-28 20:54:27,095 - Basic - INFO - 输入内容030201
2019-02-28 20:54:27,179 - Basic - INFO - Clear text input box before typing
2019-02-28 20:54:28,550 - Basic - INFO - Clear text input box before typing
2019-02-28 20:54:29,628 - Basic - INFO - Clear text input box before typing
2019-02-28 20:54:31,067 - Basic - INFO - Clear text input box before typing
2019-02-28 20:54:32,577 - Basic - INFO - Clear text input box before typing
2019-02-28 20:54:33,730 - Basic - INFO - Clear text input box before typing
2019-02-28 20:54:35,863 - Basic - INFO - Clear text input box before typing
2019-02-28 20:54:36,197 - Basic - INFO - Clear text input box before typing
2019-02-28 20:54:36,473 - Basic - INFO - Clear text input box before typing
2019-02-28 20:54:36,883 - Basic - INFO - Clear text input box before typing
2019-02-28 20:54:40,091 - BrowserEngin - INFO - 你选择了Chrome游览器
2019-02-28 20:54:40,091 - BrowserEngin - INFO - 测试URL是:http://127.0.0.1/forum.php
2019-02-28 20:54:42,297 - BrowserEngin - INFO - 启动谷歌游览器
2019-02-28 20:54:43,674 - BrowserEngin - INFO - 打开：http://127.0.0.1/forum.php
2019-02-28 20:54:44,796 - BrowserEngin - INFO - 窗口最大化
2019-02-28 20:54:44,798 - BrowserEngin - INFO - 等待10秒
2019-02-28 20:54:45,112 - Basic - INFO - 输入内容l3181591248
2019-02-28 20:54:45,192 - Basic - INFO - 输入内容030201
2019-02-28 20:54:45,264 - Basic - INFO - Clear text input box before typing
2019-02-28 20:54:46,382 - Basic - INFO - 输入内容haotest
2019-02-28 20:54:46,498 - Basic - INFO - Clear text input box before typing
2019-02-28 20:54:48,644 - Basic - INFO - Clear text input box before typing
2019-02-28 20:54:51,774 - Basic - INFO - Clear text input box before typing
2019-02-28 20:54:52,052 - Basic - INFO - Clear text input box before typing
2019-02-28 20:54:54,272 - BrowserEngin - INFO - 你选择了Chrome游览器
2019-02-28 20:54:54,272 - BrowserEngin - INFO - 测试URL是:http://127.0.0.1/forum.php
2019-02-28 20:54:56,490 - BrowserEngin - INFO - 启动谷歌游览器
2019-02-28 20:54:58,020 - BrowserEngin - INFO - 打开：http://127.0.0.1/forum.php
2019-02-28 20:54:59,147 - BrowserEngin - INFO - 窗口最大化
2019-02-28 20:54:59,149 - BrowserEngin - INFO - 等待10秒
2019-02-28 20:54:59,426 - Basic - INFO - 输入内容l3181591248
2019-02-28 20:54:59,508 - Basic - INFO - 输入内容030201
2019-02-28 20:54:59,585 - Basic - INFO - Clear text input box before typing
2019-02-28 20:55:00,944 - Basic - INFO - Clear text input box before typing
2019-02-28 20:55:02,329 - Basic - INFO - Clear text input box before typing
2019-02-28 20:55:03,855 - Basic - INFO - Clear text input box before typing
2019-02-28 20:55:03,992 - Basic - INFO - 输入内容管理最帅
2019-02-28 20:55:05,091 - Basic - INFO - 输入内容嘤1
2019-02-28 20:55:05,176 - Basic - INFO - 输入内容嘤2
2019-02-28 20:55:05,256 - Basic - INFO - 输入内容嘤3
2019-02-28 20:55:05,352 - Basic - INFO - 输入内容嘤内容
2019-02-28 20:55:05,532 - Basic - INFO - Clear text input box before typing
2019-02-28 20:55:06,605 - Basic - INFO - Clear text input box before typing
2019-02-28 20:55:07,323 - Basic - INFO - Clear text input box before typing
2019-02-28 20:55:07,385 - Basic - INFO - 已获取
2019-02-28 20:55:07,444 - Basic - INFO - 已获取
2019-02-28 20:55:07,500 - Basic - INFO - 已获取
2019-02-28 20:55:07,568 - Basic - INFO - 已获取
2019-02-28 20:55:07,636 - Basic - INFO - 已获取
2019-02-28 20:55:07,693 - Basic - INFO - 已获取
