2019-03-03 15:42:54,507 - BrowserEngin - INFO - 你选择了Chrome游览器
2019-03-03 15:42:54,507 - BrowserEngin - INFO - 测试URL是:http://127.0.0.1/forum.php
2019-03-03 15:42:56,770 - BrowserEngin - INFO - 启动谷歌游览器
2019-03-03 15:42:57,839 - BrowserEngin - INFO - 打开：http://127.0.0.1/forum.php
2019-03-03 15:42:58,961 - BrowserEngin - INFO - 窗口最大化
2019-03-03 15:42:58,962 - BrowserEngin - INFO - 等待10秒
2019-03-03 15:42:59,238 - Basic - INFO - 输入内容l3181591248
2019-03-03 15:42:59,330 - Basic - INFO - 输入内容030201
2019-03-03 15:42:59,397 - Basic - INFO - Clear text input box before typing
2019-03-03 15:43:00,739 - Basic - INFO - Clear text input box before typing
2019-03-03 15:43:01,907 - Basic - INFO - 输入内容haotest
2019-03-03 15:43:02,011 - Basic - INFO - 输入内容嘤嘤嘤666666
2019-03-03 15:43:03,063 - Basic - INFO - Clear text input box before typing
2019-03-03 15:43:03,209 - Basic - INFO - 输入内容楼主6666666666
2019-03-03 15:43:18,516 - Basic - INFO - Clear text input box before typing
2019-03-03 15:43:21,735 - BrowserEngin - INFO - 你选择了Chrome游览器
2019-03-03 15:43:21,735 - BrowserEngin - INFO - 测试URL是:http://127.0.0.1/forum.php
2019-03-03 15:43:23,944 - BrowserEngin - INFO - 启动谷歌游览器
2019-03-03 15:43:24,984 - BrowserEngin - INFO - 打开：http://127.0.0.1/forum.php
2019-03-03 15:43:26,106 - BrowserEngin - INFO - 窗口最大化
2019-03-03 15:43:26,108 - BrowserEngin - INFO - 等待10秒
2019-03-03 15:43:26,377 - Basic - INFO - 输入内容admin
2019-03-03 15:43:26,476 - Basic - INFO - 输入内容030201
2019-03-03 15:43:26,548 - Basic - INFO - Clear text input box before typing
2019-03-03 15:43:27,893 - Basic - INFO - Clear text input box before typing
2019-03-03 15:43:29,000 - Basic - INFO - Clear text input box before typing
2019-03-03 15:43:30,309 - Basic - INFO - Clear text input box before typing
2019-03-03 15:43:31,748 - Basic - INFO - Clear text input box before typing
2019-03-03 15:43:32,878 - Basic - INFO - Clear text input box before typing
2019-03-03 15:43:35,024 - Basic - INFO - 输入内容030201
2019-03-03 15:43:57,128 - Basic - INFO - Clear text input box before typing
2019-03-03 15:43:58,376 - Basic - INFO - Clear text input box before typing
2019-03-03 15:43:58,524 - Basic - INFO - Clear text input box before typing
2019-03-03 15:43:58,783 - Basic - INFO - Clear text input box before typing
2019-03-03 15:43:59,194 - Basic - INFO - Clear text input box before typing
2019-03-03 15:44:02,362 - BrowserEngin - INFO - 你选择了Chrome游览器
2019-03-03 15:44:02,362 - BrowserEngin - INFO - 测试URL是:http://127.0.0.1/forum.php
2019-03-03 15:44:04,618 - BrowserEngin - INFO - 启动谷歌游览器
2019-03-03 15:44:05,381 - BrowserEngin - INFO - 打开：http://127.0.0.1/forum.php
2019-03-03 15:44:06,499 - BrowserEngin - INFO - 窗口最大化
2019-03-03 15:44:06,500 - BrowserEngin - INFO - 等待10秒
2019-03-03 15:44:06,785 - Basic - INFO - 输入内容l3181591248
2019-03-03 15:44:06,877 - Basic - INFO - 输入内容030201
2019-03-03 15:44:06,947 - Basic - INFO - Clear text input box before typing
2019-03-03 15:44:08,098 - Basic - INFO - 输入内容haotest
2019-03-03 15:44:08,198 - Basic - INFO - Clear text input box before typing
2019-03-03 15:44:10,327 - Basic - INFO - Clear text input box before typing
2019-03-03 15:44:13,444 - Basic - INFO - Clear text input box before typing
2019-03-03 15:44:13,691 - Basic - INFO - Clear text input box before typing
2019-03-03 15:44:15,844 - BrowserEngin - INFO - 你选择了Chrome游览器
2019-03-03 15:44:15,844 - BrowserEngin - INFO - 测试URL是:http://127.0.0.1/forum.php
2019-03-03 15:44:18,031 - BrowserEngin - INFO - 启动谷歌游览器
2019-03-03 15:44:19,081 - BrowserEngin - INFO - 打开：http://127.0.0.1/forum.php
2019-03-03 15:44:20,196 - BrowserEngin - INFO - 窗口最大化
2019-03-03 15:44:20,197 - BrowserEngin - INFO - 等待10秒
2019-03-03 15:44:20,489 - Basic - INFO - 输入内容l3181591248
2019-03-03 15:44:20,581 - Basic - INFO - 输入内容030201
2019-03-03 15:44:20,650 - Basic - INFO - Clear text input box before typing
2019-03-03 15:44:21,960 - Basic - INFO - Clear text input box before typing
2019-03-03 15:44:23,429 - Basic - INFO - Clear text input box before typing
2019-03-03 15:44:24,847 - Basic - INFO - Clear text input box before typing
2019-03-03 15:44:24,989 - Basic - INFO - 输入内容管理最帅
2019-03-03 15:44:26,092 - Basic - INFO - 输入内容嘤1
2019-03-03 15:44:26,180 - Basic - INFO - 输入内容嘤2
2019-03-03 15:44:26,265 - Basic - INFO - 输入内容嘤3
2019-03-03 15:44:26,361 - Basic - INFO - 输入内容嘤内容
2019-03-03 15:44:26,497 - Basic - INFO - Clear text input box before typing
2019-03-03 15:44:27,507 - Basic - INFO - Clear text input box before typing
2019-03-03 15:44:28,140 - Basic - INFO - Clear text input box before typing
2019-03-03 15:44:28,201 - Basic - INFO - 已获取
2019-03-03 15:44:28,253 - Basic - INFO - 已获取
2019-03-03 15:44:28,305 - Basic - INFO - 已获取
2019-03-03 15:44:28,357 - Basic - INFO - 已获取
2019-03-03 15:44:28,411 - Basic - INFO - 已获取
2019-03-03 15:44:28,465 - Basic - INFO - 已获取
