2019-03-03 15:30:55,201 - BrowserEngin - INFO - 你选择了Chrome游览器
2019-03-03 15:30:55,201 - BrowserEngin - INFO - 测试URL是:http://127.0.0.1/forum.php
2019-03-03 15:30:57,440 - BrowserEngin - INFO - 启动谷歌游览器
2019-03-03 15:30:58,461 - BrowserEngin - INFO - 打开：http://127.0.0.1/forum.php
2019-03-03 15:30:59,582 - BrowserEngin - INFO - 窗口最大化
2019-03-03 15:30:59,583 - BrowserEngin - INFO - 等待10秒
2019-03-03 15:30:59,881 - Basic - INFO - 输入内容l3181591248
2019-03-03 15:30:59,980 - Basic - INFO - 输入内容030201
2019-03-03 15:31:00,058 - Basic - INFO - Clear text input box before typing
2019-03-03 15:31:01,404 - Basic - INFO - Clear text input box before typing
2019-03-03 15:31:02,633 - Basic - INFO - 输入内容haotest
2019-03-03 15:31:02,739 - Basic - INFO - 输入内容嘤嘤嘤666666
2019-03-03 15:31:03,757 - Basic - INFO - Clear text input box before typing
2019-03-03 15:31:03,884 - Basic - INFO - 输入内容楼主6666666666
2019-03-03 15:31:19,217 - Basic - INFO - Clear text input box before typing
2019-03-03 15:31:22,431 - BrowserEngin - INFO - 你选择了Chrome游览器
2019-03-03 15:31:22,431 - BrowserEngin - INFO - 测试URL是:http://127.0.0.1/forum.php
2019-03-03 15:31:24,744 - BrowserEngin - INFO - 启动谷歌游览器
2019-03-03 15:31:26,024 - BrowserEngin - INFO - 打开：http://127.0.0.1/forum.php
2019-03-03 15:31:27,144 - BrowserEngin - INFO - 窗口最大化
2019-03-03 15:31:27,145 - BrowserEngin - INFO - 等待10秒
2019-03-03 15:31:27,395 - Basic - INFO - 输入内容admin
2019-03-03 15:31:27,487 - Basic - INFO - 输入内容030201
2019-03-03 15:31:27,556 - Basic - INFO - Clear text input box before typing
2019-03-03 15:31:28,939 - Basic - INFO - Clear text input box before typing
2019-03-03 15:31:30,059 - Basic - INFO - Clear text input box before typing
2019-03-03 15:31:31,387 - Basic - INFO - Clear text input box before typing
2019-03-03 15:31:32,832 - Basic - INFO - Clear text input box before typing
2019-03-03 15:31:33,961 - Basic - INFO - Clear text input box before typing
2019-03-03 15:31:36,113 - Basic - INFO - 输入内容030201
2019-03-03 15:31:58,241 - Basic - INFO - Clear text input box before typing
2019-03-03 15:31:59,507 - Basic - INFO - Clear text input box before typing
2019-03-03 15:31:59,653 - Basic - INFO - Clear text input box before typing
2019-03-03 15:31:59,906 - Basic - INFO - Clear text input box before typing
2019-03-03 15:32:00,325 - Basic - INFO - Clear text input box before typing
2019-03-03 15:32:03,490 - BrowserEngin - INFO - 你选择了Chrome游览器
2019-03-03 15:32:03,490 - BrowserEngin - INFO - 测试URL是:http://127.0.0.1/forum.php
2019-03-03 15:32:05,852 - BrowserEngin - INFO - 启动谷歌游览器
2019-03-03 15:32:06,790 - BrowserEngin - INFO - 打开：http://127.0.0.1/forum.php
2019-03-03 15:32:07,907 - BrowserEngin - INFO - 窗口最大化
2019-03-03 15:32:07,908 - BrowserEngin - INFO - 等待10秒
2019-03-03 15:32:08,193 - Basic - INFO - 输入内容l3181591248
2019-03-03 15:32:08,287 - Basic - INFO - 输入内容030201
2019-03-03 15:32:08,355 - Basic - INFO - Clear text input box before typing
2019-03-03 15:32:09,509 - Basic - INFO - 输入内容haotest
2019-03-03 15:32:09,602 - Basic - INFO - Clear text input box before typing
2019-03-03 15:32:11,733 - Basic - INFO - Clear text input box before typing
2019-03-03 15:32:14,833 - Basic - INFO - Clear text input box before typing
2019-03-03 15:32:15,107 - Basic - INFO - Clear text input box before typing
2019-03-03 15:32:17,271 - BrowserEngin - INFO - 你选择了Chrome游览器
2019-03-03 15:32:17,271 - BrowserEngin - INFO - 测试URL是:http://127.0.0.1/forum.php
2019-03-03 15:32:19,497 - BrowserEngin - INFO - 启动谷歌游览器
2019-03-03 15:32:20,408 - BrowserEngin - INFO - 打开：http://127.0.0.1/forum.php
2019-03-03 15:32:21,531 - BrowserEngin - INFO - 窗口最大化
2019-03-03 15:32:21,532 - BrowserEngin - INFO - 等待10秒
2019-03-03 15:32:21,864 - Basic - INFO - 输入内容l3181591248
2019-03-03 15:32:21,965 - Basic - INFO - 输入内容030201
2019-03-03 15:32:22,038 - Basic - INFO - Clear text input box before typing
2019-03-03 15:32:23,325 - Basic - INFO - Clear text input box before typing
2019-03-03 15:32:24,711 - Basic - INFO - Clear text input box before typing
2019-03-03 15:32:26,187 - Basic - INFO - Clear text input box before typing
2019-03-03 15:32:26,305 - Basic - INFO - 输入内容管理最帅
2019-03-03 15:32:27,409 - Basic - INFO - 输入内容嘤1
2019-03-03 15:32:27,499 - Basic - INFO - 输入内容嘤2
2019-03-03 15:32:27,594 - Basic - INFO - 输入内容嘤3
2019-03-03 15:32:27,693 - Basic - INFO - 输入内容嘤内容
2019-03-03 15:32:27,844 - Basic - INFO - Clear text input box before typing
2019-03-03 15:32:28,903 - Basic - INFO - Clear text input box before typing
2019-03-03 15:32:29,555 - Basic - INFO - Clear text input box before typing
2019-03-03 15:32:29,618 - Basic - INFO - 已获取
2019-03-03 15:32:29,670 - Basic - INFO - 已获取
2019-03-03 15:32:29,719 - Basic - INFO - 已获取
2019-03-03 15:32:29,767 - Basic - INFO - 已获取
2019-03-03 15:32:29,819 - Basic - INFO - 已获取
2019-03-03 15:32:29,867 - Basic - INFO - 已获取
