2019-03-03 16:12:11,038 - BrowserEngin - INFO - 你选择了Chrome游览器
2019-03-03 16:12:11,038 - BrowserEngin - INFO - 测试URL是:http://127.0.0.1/forum.php
2019-03-03 16:12:13,262 - BrowserEngin - INFO - 启动谷歌游览器
2019-03-03 16:12:14,517 - BrowserEngin - INFO - 打开：http://127.0.0.1/forum.php
2019-03-03 16:12:15,634 - BrowserEngin - INFO - 窗口最大化
2019-03-03 16:12:15,635 - BrowserEngin - INFO - 等待10秒
2019-03-03 16:12:15,921 - Basic - INFO - 输入内容l3181591248
2019-03-03 16:12:16,017 - Basic - INFO - 输入内容030201
2019-03-03 16:12:16,092 - Basic - INFO - Clear text input box before typing
2019-03-03 16:12:17,489 - Basic - INFO - Clear text input box before typing
2019-03-03 16:12:18,683 - Basic - INFO - 输入内容haotest
2019-03-03 16:12:18,797 - Basic - INFO - 输入内容嘤嘤嘤666666
2019-03-03 16:12:19,932 - Basic - INFO - Clear text input box before typing
2019-03-03 16:12:20,080 - Basic - INFO - 输入内容楼主6666666666
2019-03-03 16:12:35,372 - Basic - INFO - Clear text input box before typing
2019-03-03 16:12:38,709 - BrowserEngin - INFO - 你选择了Chrome游览器
2019-03-03 16:12:38,709 - BrowserEngin - INFO - 测试URL是:http://127.0.0.1/forum.php
2019-03-03 16:12:40,932 - BrowserEngin - INFO - 启动谷歌游览器
2019-03-03 16:12:42,117 - BrowserEngin - INFO - 打开：http://127.0.0.1/forum.php
2019-03-03 16:12:43,238 - BrowserEngin - INFO - 窗口最大化
2019-03-03 16:12:43,241 - BrowserEngin - INFO - 等待10秒
2019-03-03 16:12:43,510 - Basic - INFO - 输入内容admin
2019-03-03 16:12:43,607 - Basic - INFO - 输入内容030201
2019-03-03 16:12:43,682 - Basic - INFO - Clear text input box before typing
2019-03-03 16:12:45,040 - Basic - INFO - Clear text input box before typing
2019-03-03 16:12:46,155 - Basic - INFO - Clear text input box before typing
2019-03-03 16:12:47,519 - Basic - INFO - Clear text input box before typing
2019-03-03 16:12:49,011 - Basic - INFO - Clear text input box before typing
2019-03-03 16:12:50,142 - Basic - INFO - Clear text input box before typing
2019-03-03 16:12:52,292 - Basic - INFO - 输入内容030201
2019-03-03 16:13:14,311 - Basic - INFO - Clear text input box before typing
2019-03-03 16:13:15,577 - Basic - INFO - Clear text input box before typing
2019-03-03 16:13:15,733 - Basic - INFO - Clear text input box before typing
2019-03-03 16:13:16,005 - Basic - INFO - Clear text input box before typing
2019-03-03 16:13:16,433 - Basic - INFO - Clear text input box before typing
2019-03-03 16:13:18,598 - BrowserEngin - INFO - 你选择了Chrome游览器
2019-03-03 16:13:18,598 - BrowserEngin - INFO - 测试URL是:http://127.0.0.1/forum.php
2019-03-03 16:13:20,901 - BrowserEngin - INFO - 启动谷歌游览器
2019-03-03 16:13:22,169 - BrowserEngin - INFO - 打开：http://127.0.0.1/forum.php
2019-03-03 16:13:23,300 - BrowserEngin - INFO - 窗口最大化
2019-03-03 16:13:23,301 - BrowserEngin - INFO - 等待10秒
2019-03-03 16:13:23,590 - Basic - INFO - 输入内容l3181591248
2019-03-03 16:13:23,692 - Basic - INFO - 输入内容030201
2019-03-03 16:13:23,786 - Basic - INFO - Clear text input box before typing
2019-03-03 16:13:24,924 - Basic - INFO - 输入内容haotest
2019-03-03 16:13:25,026 - Basic - INFO - Clear text input box before typing
2019-03-03 16:13:27,158 - Basic - INFO - Clear text input box before typing
2019-03-03 16:13:30,266 - Basic - INFO - Clear text input box before typing
2019-03-03 16:13:30,565 - Basic - INFO - Clear text input box before typing
2019-03-03 16:13:32,725 - BrowserEngin - INFO - 你选择了Chrome游览器
2019-03-03 16:13:32,725 - BrowserEngin - INFO - 测试URL是:http://127.0.0.1/forum.php
2019-03-03 16:13:35,221 - BrowserEngin - INFO - 启动谷歌游览器
2019-03-03 16:13:36,072 - BrowserEngin - INFO - 打开：http://127.0.0.1/forum.php
2019-03-03 16:13:37,191 - BrowserEngin - INFO - 窗口最大化
2019-03-03 16:13:37,193 - BrowserEngin - INFO - 等待10秒
2019-03-03 16:13:37,489 - Basic - INFO - 输入内容l3181591248
2019-03-03 16:13:37,585 - Basic - INFO - 输入内容030201
2019-03-03 16:13:37,662 - Basic - INFO - Clear text input box before typing
2019-03-03 16:13:39,207 - Basic - INFO - Clear text input box before typing
2019-03-03 16:13:40,602 - Basic - INFO - Clear text input box before typing
2019-03-03 16:13:42,038 - Basic - INFO - Clear text input box before typing
2019-03-03 16:13:42,167 - Basic - INFO - 输入内容管理最帅
2019-03-03 16:13:43,266 - Basic - INFO - 输入内容嘤1
2019-03-03 16:13:43,359 - Basic - INFO - 输入内容嘤2
2019-03-03 16:13:43,445 - Basic - INFO - 输入内容嘤3
2019-03-03 16:13:43,546 - Basic - INFO - 输入内容嘤内容
2019-03-03 16:13:43,687 - Basic - INFO - Clear text input box before typing
2019-03-03 16:13:44,713 - Basic - INFO - Clear text input box before typing
2019-03-03 16:13:45,468 - Basic - INFO - Clear text input box before typing
2019-03-03 16:13:45,529 - Basic - INFO - 已获取
2019-03-03 16:13:45,580 - Basic - INFO - 已获取
2019-03-03 16:13:45,645 - Basic - INFO - 已获取
2019-03-03 16:13:45,695 - Basic - INFO - 已获取
2019-03-03 16:13:45,756 - Basic - INFO - 已获取
2019-03-03 16:13:45,804 - Basic - INFO - 已获取
