2019-02-28 20:51:07,717 - BrowserEngin - INFO - 你选择了Chrome游览器
2019-02-28 20:51:07,718 - BrowserEngin - INFO - 测试URL是:http://127.0.0.1/forum.php
2019-02-28 20:51:10,214 - BrowserEngin - INFO - 启动谷歌游览器
2019-02-28 20:51:11,435 - BrowserEngin - INFO - 打开：http://127.0.0.1/forum.php
2019-02-28 20:51:12,572 - BrowserEngin - INFO - 窗口最大化
2019-02-28 20:51:12,573 - BrowserEngin - INFO - 等待10秒
2019-02-28 20:51:12,919 - Basic - INFO - 输入内容l3181591248
2019-02-28 20:51:13,002 - Basic - INFO - 输入内容030201
2019-02-28 20:51:13,077 - Basic - INFO - Clear text input box before typing
2019-02-28 20:51:14,465 - Basic - INFO - Clear text input box before typing
2019-02-28 20:51:15,579 - Basic - INFO - 输入内容english
2019-02-28 20:51:15,707 - Basic - INFO - 输入内容嘤嘤嘤666666
2019-02-28 20:51:16,931 - Basic - INFO - Clear text input box before typing
2019-02-28 20:51:17,092 - Basic - INFO - 输入内容楼主6666666666
2019-02-28 20:51:32,398 - Basic - INFO - Clear text input box before typing
2019-02-28 20:51:33,684 - Basic - INFO - Clear text input box before typing
2019-02-28 20:51:35,935 - BrowserEngin - INFO - 你选择了Chrome游览器
2019-02-28 20:51:35,935 - BrowserEngin - INFO - 测试URL是:http://127.0.0.1/forum.php
2019-02-28 20:51:38,235 - BrowserEngin - INFO - 启动谷歌游览器
2019-02-28 20:51:39,910 - BrowserEngin - INFO - 打开：http://127.0.0.1/forum.php
2019-02-28 20:51:41,033 - BrowserEngin - INFO - 窗口最大化
2019-02-28 20:51:41,035 - BrowserEngin - INFO - 等待10秒
2019-02-28 20:51:41,305 - Basic - INFO - 输入内容admin
2019-02-28 20:51:41,386 - Basic - INFO - 输入内容030201
2019-02-28 20:51:41,462 - Basic - INFO - Clear text input box before typing
2019-02-28 20:51:42,846 - Basic - INFO - Clear text input box before typing
2019-02-28 20:51:43,926 - Basic - INFO - Clear text input box before typing
2019-02-28 20:51:45,365 - Basic - INFO - Clear text input box before typing
2019-02-28 20:51:46,872 - Basic - INFO - Clear text input box before typing
2019-02-28 20:51:48,025 - Basic - INFO - Clear text input box before typing
2019-02-28 20:51:50,159 - Basic - INFO - Clear text input box before typing
2019-02-28 20:51:50,511 - Basic - INFO - Clear text input box before typing
2019-02-28 20:51:50,791 - Basic - INFO - Clear text input box before typing
2019-02-28 20:51:58,037 - BrowserEngin - INFO - 你选择了Chrome游览器
2019-02-28 20:51:58,037 - BrowserEngin - INFO - 测试URL是:http://127.0.0.1/forum.php
2019-02-28 20:52:00,259 - BrowserEngin - INFO - 启动谷歌游览器
2019-02-28 20:52:01,620 - BrowserEngin - INFO - 打开：http://127.0.0.1/forum.php
2019-02-28 20:52:02,771 - BrowserEngin - INFO - 窗口最大化
2019-02-28 20:52:02,773 - BrowserEngin - INFO - 等待10秒
2019-02-28 20:52:03,061 - Basic - INFO - 输入内容l3181591248
2019-02-28 20:52:03,144 - Basic - INFO - 输入内容030201
2019-02-28 20:52:03,226 - Basic - INFO - Clear text input box before typing
2019-02-28 20:52:04,339 - Basic - INFO - 输入内容haotest
2019-02-28 20:52:04,463 - Basic - INFO - Clear text input box before typing
2019-02-28 20:52:06,645 - Basic - INFO - Clear text input box before typing
2019-02-28 20:52:09,789 - Basic - INFO - Clear text input box before typing
2019-02-28 20:52:10,098 - Basic - INFO - Clear text input box before typing
2019-02-28 20:52:12,341 - BrowserEngin - INFO - 你选择了Chrome游览器
2019-02-28 20:52:12,341 - BrowserEngin - INFO - 测试URL是:http://127.0.0.1/forum.php
2019-02-28 20:52:14,567 - BrowserEngin - INFO - 启动谷歌游览器
2019-02-28 20:52:16,424 - BrowserEngin - INFO - 打开：http://127.0.0.1/forum.php
2019-02-28 20:52:17,546 - BrowserEngin - INFO - 窗口最大化
2019-02-28 20:52:17,547 - BrowserEngin - INFO - 等待10秒
2019-02-28 20:52:17,822 - Basic - INFO - 输入内容l3181591248
2019-02-28 20:52:17,899 - Basic - INFO - 输入内容030201
2019-02-28 20:52:17,975 - Basic - INFO - Clear text input box before typing
2019-02-28 20:52:19,427 - Basic - INFO - Clear text input box before typing
2019-02-28 20:52:20,820 - Basic - INFO - Clear text input box before typing
2019-02-28 20:52:22,325 - Basic - INFO - Clear text input box before typing
2019-02-28 20:52:22,460 - Basic - INFO - 输入内容管理最帅
2019-02-28 20:52:23,541 - Basic - INFO - 输入内容嘤1
2019-02-28 20:52:23,623 - Basic - INFO - 输入内容嘤2
2019-02-28 20:52:23,704 - Basic - INFO - 输入内容嘤3
2019-02-28 20:52:23,792 - Basic - INFO - 输入内容嘤内容
2019-02-28 20:52:23,966 - Basic - INFO - Clear text input box before typing
2019-02-28 20:52:25,254 - Basic - INFO - Clear text input box before typing
2019-02-28 20:52:25,950 - Basic - INFO - Clear text input box before typing
2019-02-28 20:52:26,018 - Basic - INFO - 已获取
2019-02-28 20:52:26,068 - Basic - INFO - 已获取
2019-02-28 20:52:26,119 - Basic - INFO - 已获取
2019-02-28 20:52:26,168 - Basic - INFO - 已获取
2019-02-28 20:52:26,216 - Basic - INFO - 已获取
2019-02-28 20:52:26,268 - Basic - INFO - 已获取
