2019-03-03 16:07:02,794 - BrowserEngin - INFO - 你选择了Chrome游览器
2019-03-03 16:07:02,794 - BrowserEngin - INFO - 测试URL是:http://127.0.0.1/forum.php
2019-03-03 16:07:05,180 - BrowserEngin - INFO - 启动谷歌游览器
2019-03-03 16:07:06,912 - BrowserEngin - INFO - 打开：http://127.0.0.1/forum.php
2019-03-03 16:07:08,032 - BrowserEngin - INFO - 窗口最大化
2019-03-03 16:07:08,034 - BrowserEngin - INFO - 等待10秒
2019-03-03 16:07:08,351 - Basic - INFO - 输入内容l3181591248
2019-03-03 16:07:08,449 - Basic - INFO - 输入内容030201
2019-03-03 16:07:08,523 - Basic - INFO - Clear text input box before typing
2019-03-03 16:07:10,009 - Basic - INFO - Clear text input box before typing
2019-03-03 16:07:11,224 - Basic - INFO - 输入内容haotest
2019-03-03 16:07:11,325 - Basic - INFO - 输入内容嘤嘤嘤666666
2019-03-03 16:07:12,326 - Basic - INFO - Clear text input box before typing
2019-03-03 16:07:12,470 - Basic - INFO - 输入内容楼主6666666666
2019-03-03 16:07:27,758 - Basic - INFO - Clear text input box before typing
2019-03-03 16:07:31,003 - BrowserEngin - INFO - 你选择了Chrome游览器
2019-03-03 16:07:31,003 - BrowserEngin - INFO - 测试URL是:http://127.0.0.1/forum.php
2019-03-03 16:07:33,247 - BrowserEngin - INFO - 启动谷歌游览器
2019-03-03 16:07:34,656 - BrowserEngin - INFO - 打开：http://127.0.0.1/forum.php
2019-03-03 16:07:35,777 - BrowserEngin - INFO - 窗口最大化
2019-03-03 16:07:35,778 - BrowserEngin - INFO - 等待10秒
2019-03-03 16:07:36,057 - Basic - INFO - 输入内容admin
2019-03-03 16:07:36,160 - Basic - INFO - 输入内容030201
2019-03-03 16:07:36,235 - Basic - INFO - Clear text input box before typing
2019-03-03 16:07:37,742 - Basic - INFO - Clear text input box before typing
2019-03-03 16:07:38,853 - Basic - INFO - Clear text input box before typing
2019-03-03 16:07:40,178 - Basic - INFO - Clear text input box before typing
2019-03-03 16:07:41,623 - Basic - INFO - Clear text input box before typing
2019-03-03 16:07:42,754 - Basic - INFO - Clear text input box before typing
2019-03-03 16:07:44,905 - Basic - INFO - 输入内容030201
2019-03-03 16:08:06,826 - Basic - INFO - Clear text input box before typing
2019-03-03 16:08:08,087 - Basic - INFO - Clear text input box before typing
2019-03-03 16:08:08,235 - Basic - INFO - Clear text input box before typing
2019-03-03 16:08:08,501 - Basic - INFO - Clear text input box before typing
2019-03-03 16:08:08,913 - Basic - INFO - Clear text input box before typing
2019-03-03 16:08:11,091 - BrowserEngin - INFO - 你选择了Chrome游览器
2019-03-03 16:08:11,091 - BrowserEngin - INFO - 测试URL是:http://127.0.0.1/forum.php
2019-03-03 16:08:13,321 - BrowserEngin - INFO - 启动谷歌游览器
2019-03-03 16:08:14,733 - BrowserEngin - INFO - 打开：http://127.0.0.1/forum.php
2019-03-03 16:08:15,852 - BrowserEngin - INFO - 窗口最大化
2019-03-03 16:08:15,853 - BrowserEngin - INFO - 等待10秒
2019-03-03 16:08:16,140 - Basic - INFO - 输入内容l3181591248
2019-03-03 16:08:16,231 - Basic - INFO - 输入内容030201
2019-03-03 16:08:16,303 - Basic - INFO - Clear text input box before typing
2019-03-03 16:08:17,456 - Basic - INFO - 输入内容haotest
2019-03-03 16:08:17,556 - Basic - INFO - Clear text input box before typing
2019-03-03 16:08:19,686 - Basic - INFO - Clear text input box before typing
2019-03-03 16:08:22,809 - Basic - INFO - Clear text input box before typing
2019-03-03 16:08:23,076 - Basic - INFO - Clear text input box before typing
2019-03-03 16:08:25,245 - BrowserEngin - INFO - 你选择了Chrome游览器
2019-03-03 16:08:25,245 - BrowserEngin - INFO - 测试URL是:http://127.0.0.1/forum.php
2019-03-03 16:08:27,460 - BrowserEngin - INFO - 启动谷歌游览器
2019-03-03 16:08:28,579 - BrowserEngin - INFO - 打开：http://127.0.0.1/forum.php
2019-03-03 16:08:29,699 - BrowserEngin - INFO - 窗口最大化
2019-03-03 16:08:29,700 - BrowserEngin - INFO - 等待10秒
2019-03-03 16:08:29,990 - Basic - INFO - 输入内容l3181591248
2019-03-03 16:08:30,084 - Basic - INFO - 输入内容030201
2019-03-03 16:08:30,158 - Basic - INFO - Clear text input box before typing
2019-03-03 16:08:31,675 - Basic - INFO - Clear text input box before typing
2019-03-03 16:08:33,047 - Basic - INFO - Clear text input box before typing
2019-03-03 16:08:34,484 - Basic - INFO - Clear text input box before typing
2019-03-03 16:08:34,612 - Basic - INFO - 输入内容管理最帅
2019-03-03 16:08:35,731 - Basic - INFO - 输入内容嘤1
2019-03-03 16:08:35,824 - Basic - INFO - 输入内容嘤2
2019-03-03 16:08:35,913 - Basic - INFO - 输入内容嘤3
2019-03-03 16:08:36,017 - Basic - INFO - 输入内容嘤内容
2019-03-03 16:08:36,164 - Basic - INFO - Clear text input box before typing
2019-03-03 16:08:37,140 - Basic - INFO - Clear text input box before typing
2019-03-03 16:08:37,788 - Basic - INFO - Clear text input box before typing
2019-03-03 16:08:37,848 - Basic - INFO - 已获取
2019-03-03 16:08:37,897 - Basic - INFO - 已获取
2019-03-03 16:08:37,946 - Basic - INFO - 已获取
2019-03-03 16:08:37,994 - Basic - INFO - 已获取
2019-03-03 16:08:38,050 - Basic - INFO - 已获取
2019-03-03 16:08:38,102 - Basic - INFO - 已获取
