2019-03-03 16:10:01,332 - BrowserEngin - INFO - 你选择了Chrome游览器
2019-03-03 16:10:01,332 - BrowserEngin - INFO - 测试URL是:http://127.0.0.1/forum.php
2019-03-03 16:10:03,640 - BrowserEngin - INFO - 启动谷歌游览器
2019-03-03 16:10:04,670 - BrowserEngin - INFO - 打开：http://127.0.0.1/forum.php
2019-03-03 16:10:05,788 - BrowserEngin - INFO - 窗口最大化
2019-03-03 16:10:05,790 - BrowserEngin - INFO - 等待10秒
2019-03-03 16:10:06,101 - Basic - INFO - 输入内容l3181591248
2019-03-03 16:10:06,197 - Basic - INFO - 输入内容030201
2019-03-03 16:10:06,271 - Basic - INFO - Clear text input box before typing
2019-03-03 16:10:07,615 - Basic - INFO - Clear text input box before typing
2019-03-03 16:10:08,801 - Basic - INFO - 输入内容haotest
2019-03-03 16:10:08,971 - Basic - INFO - 输入内容嘤嘤嘤666666
2019-03-03 16:10:09,891 - Basic - INFO - Clear text input box before typing
2019-03-03 16:10:10,037 - Basic - INFO - 输入内容楼主6666666666
2019-03-03 16:10:25,335 - Basic - INFO - Clear text input box before typing
2019-03-03 16:10:28,578 - BrowserEngin - INFO - 你选择了Chrome游览器
2019-03-03 16:10:28,578 - BrowserEngin - INFO - 测试URL是:http://127.0.0.1/forum.php
2019-03-03 16:10:30,793 - BrowserEngin - INFO - 启动谷歌游览器
2019-03-03 16:10:32,106 - BrowserEngin - INFO - 打开：http://127.0.0.1/forum.php
2019-03-03 16:10:33,229 - BrowserEngin - INFO - 窗口最大化
2019-03-03 16:10:33,234 - BrowserEngin - INFO - 等待10秒
2019-03-03 16:10:33,514 - Basic - INFO - 输入内容admin
2019-03-03 16:10:33,608 - Basic - INFO - 输入内容030201
2019-03-03 16:10:33,683 - Basic - INFO - Clear text input box before typing
2019-03-03 16:10:35,150 - Basic - INFO - Clear text input box before typing
2019-03-03 16:10:36,258 - Basic - INFO - Clear text input box before typing
2019-03-03 16:10:37,606 - Basic - INFO - Clear text input box before typing
2019-03-03 16:10:39,036 - Basic - INFO - Clear text input box before typing
2019-03-03 16:10:40,168 - Basic - INFO - Clear text input box before typing
2019-03-03 16:10:42,318 - Basic - INFO - 输入内容030201
2019-03-03 16:11:04,224 - Basic - INFO - Clear text input box before typing
2019-03-03 16:11:05,485 - Basic - INFO - Clear text input box before typing
2019-03-03 16:11:05,629 - Basic - INFO - Clear text input box before typing
2019-03-03 16:11:05,885 - Basic - INFO - Clear text input box before typing
2019-03-03 16:11:06,323 - Basic - INFO - Clear text input box before typing
2019-03-03 16:11:08,502 - BrowserEngin - INFO - 你选择了Chrome游览器
2019-03-03 16:11:08,502 - BrowserEngin - INFO - 测试URL是:http://127.0.0.1/forum.php
2019-03-03 16:11:10,789 - BrowserEngin - INFO - 启动谷歌游览器
2019-03-03 16:11:12,058 - BrowserEngin - INFO - 打开：http://127.0.0.1/forum.php
2019-03-03 16:11:13,182 - BrowserEngin - INFO - 窗口最大化
2019-03-03 16:11:13,183 - BrowserEngin - INFO - 等待10秒
2019-03-03 16:11:13,546 - Basic - INFO - 输入内容l3181591248
2019-03-03 16:11:13,647 - Basic - INFO - 输入内容030201
2019-03-03 16:11:13,722 - Basic - INFO - Clear text input box before typing
2019-03-03 16:11:14,880 - Basic - INFO - 输入内容haotest
2019-03-03 16:11:14,982 - Basic - INFO - Clear text input box before typing
2019-03-03 16:11:17,114 - Basic - INFO - Clear text input box before typing
2019-03-03 16:11:20,226 - Basic - INFO - Clear text input box before typing
2019-03-03 16:11:20,548 - Basic - INFO - Clear text input box before typing
2019-03-03 16:11:22,699 - BrowserEngin - INFO - 你选择了Chrome游览器
2019-03-03 16:11:22,699 - BrowserEngin - INFO - 测试URL是:http://127.0.0.1/forum.php
2019-03-03 16:11:24,939 - BrowserEngin - INFO - 启动谷歌游览器
2019-03-03 16:11:25,924 - BrowserEngin - INFO - 打开：http://127.0.0.1/forum.php
2019-03-03 16:11:27,048 - BrowserEngin - INFO - 窗口最大化
2019-03-03 16:11:27,050 - BrowserEngin - INFO - 等待10秒
2019-03-03 16:11:27,364 - Basic - INFO - 输入内容l3181591248
2019-03-03 16:11:27,460 - Basic - INFO - 输入内容030201
2019-03-03 16:11:27,531 - Basic - INFO - Clear text input box before typing
2019-03-03 16:11:28,880 - Basic - INFO - Clear text input box before typing
2019-03-03 16:11:30,259 - Basic - INFO - Clear text input box before typing
2019-03-03 16:11:31,688 - Basic - INFO - Clear text input box before typing
2019-03-03 16:11:31,831 - Basic - INFO - 输入内容管理最帅
2019-03-03 16:11:32,942 - Basic - INFO - 输入内容嘤1
2019-03-03 16:11:33,036 - Basic - INFO - 输入内容嘤2
2019-03-03 16:11:33,129 - Basic - INFO - 输入内容嘤3
2019-03-03 16:11:33,240 - Basic - INFO - 输入内容嘤内容
2019-03-03 16:11:33,384 - Basic - INFO - Clear text input box before typing
2019-03-03 16:11:34,373 - Basic - INFO - Clear text input box before typing
2019-03-03 16:11:35,078 - Basic - INFO - Clear text input box before typing
2019-03-03 16:11:35,139 - Basic - INFO - 已获取
2019-03-03 16:11:35,189 - Basic - INFO - 已获取
2019-03-03 16:11:35,236 - Basic - INFO - 已获取
2019-03-03 16:11:35,282 - Basic - INFO - 已获取
2019-03-03 16:11:35,340 - Basic - INFO - 已获取
2019-03-03 16:11:35,392 - Basic - INFO - 已获取
