2019-03-03 16:27:33,542 - BrowserEngin - INFO - 你选择了Chrome游览器
2019-03-03 16:27:33,542 - BrowserEngin - INFO - 测试URL是:http://127.0.0.1/forum.php
2019-03-03 16:27:35,794 - BrowserEngin - INFO - 启动谷歌游览器
2019-03-03 16:27:36,856 - BrowserEngin - INFO - 打开：http://127.0.0.1/forum.php
2019-03-03 16:27:37,979 - BrowserEngin - INFO - 窗口最大化
2019-03-03 16:27:37,983 - BrowserEngin - INFO - 等待10秒
2019-03-03 16:27:38,288 - Basic - INFO - 输入内容admin
2019-03-03 16:27:38,386 - Basic - INFO - 输入内容030201
2019-03-03 16:27:38,457 - Basic - INFO - Clear text input box before typing
2019-03-03 16:27:39,966 - Basic - INFO - Clear text input box before typing
2019-03-03 16:27:41,080 - Basic - INFO - Clear text input box before typing
2019-03-03 16:27:42,447 - Basic - INFO - Clear text input box before typing
2019-03-03 16:27:43,905 - Basic - INFO - Clear text input box before typing
2019-03-03 16:27:45,036 - Basic - INFO - Clear text input box before typing
2019-03-03 16:27:47,188 - Basic - INFO - 输入内容030201
2019-03-03 16:28:09,139 - Basic - INFO - Clear text input box before typing
2019-03-03 16:28:10,392 - Basic - INFO - Clear text input box before typing
2019-03-03 16:28:10,540 - Basic - INFO - Clear text input box before typing
2019-03-03 16:28:10,801 - Basic - INFO - Clear text input box before typing
2019-03-03 16:28:11,346 - Basic - INFO - Clear text input box before typing
2019-03-03 16:28:11,561 - Basic - INFO - Clear text input box before typing
2019-03-03 16:28:13,828 - Basic - INFO - 输入内容l3181591248
2019-03-03 16:28:13,925 - Basic - INFO - 输入内容030201
2019-03-03 16:28:13,998 - Basic - INFO - Clear text input box before typing
2019-03-03 16:28:15,287 - Basic - INFO - Clear text input box before typing
2019-03-03 16:28:15,458 - Basic - INFO - 输入内容english
2019-03-03 16:28:15,566 - Basic - INFO - 输入内容嘤嘤嘤666666
2019-03-03 16:28:16,532 - Basic - INFO - Clear text input box before typing
2019-03-03 16:28:16,683 - Basic - INFO - 输入内容楼主6666666666
2019-03-03 16:28:31,974 - Basic - INFO - Clear text input box before typing
2019-03-03 16:28:33,380 - Basic - INFO - Clear text input box before typing
